<?xml version="1.0" encoding="UTF-8"?>
<!-- Generated by org.testng.reporters.JUnitXMLReporter -->
<testsuite hostname="DESKTOP-GMP1VPB" ignored="0" name="Test1" tests="4" failures="0" timestamp="2020-06-23T11:59:08 IST" time="5.416" errors="0">
  <testcase name="@BeforeTest login_admin" time="5.269" classname="com.clearcode.testsuite.AdminModifyOrder">
    <failure type="org.openqa.selenium.NoSuchWindowException" message="no such window: target window already closed
from unknown error: web view not found
  (Session info: chrome=83.0.4103.106)
Build info: version: &amp;apos;3.141.59&amp;apos;, revision: &amp;apos;e82be7d358&amp;apos;, time: &amp;apos;2018-11-14T08:17:03&amp;apos;
System info: host: &amp;apos;DESKTOP-GMP1VPB&amp;apos;, ip: &amp;apos;192.168.225.123&amp;apos;, os.name: &amp;apos;Windows 10&amp;apos;, os.arch: &amp;apos;amd64&amp;apos;, os.version: &amp;apos;10.0&amp;apos;, java.version: &amp;apos;1.8.0_241&amp;apos;
Driver info: org.openqa.selenium.chrome.ChromeDriver
Capabilities {acceptInsecureCerts: false, browserName: chrome, browserVersion: 83.0.4103.106, chrome: {chromedriverVersion: 83.0.4103.39 (ccbf011cb2d2b..., userDataDir: C:\Users\MUTHUS~1\AppData\L...}, goog:chromeOptions: {debuggerAddress: localhost:51011}, javascriptEnabled: true, networkConnectionEnabled: false, pageLoadStrategy: normal, platform: WINDOWS, platformName: WINDOWS, proxy: Proxy(), setWindowRect: true, strictFileInteractability: false, timeouts: {implicit: 0, pageLoad: 300000, script: 30000}, unhandledPromptBehavior: dismiss and notify, webauthn:virtualAuthenticators: true}
Session ID: 9956967bdc9b7e85dc041729e62915f9">
      <![CDATA[org.openqa.selenium.NoSuchWindowException: no such window: target window already closed
from unknown error: web view not found
  (Session info: chrome=83.0.4103.106)
Build info: version: '3.141.59', revision: 'e82be7d358', time: '2018-11-14T08:17:03'
System info: host: 'DESKTOP-GMP1VPB', ip: '192.168.225.123', os.name: 'Windows 10', os.arch: 'amd64', os.version: '10.0', java.version: '1.8.0_241'
Driver info: org.openqa.selenium.chrome.ChromeDriver
Capabilities {acceptInsecureCerts: false, browserName: chrome, browserVersion: 83.0.4103.106, chrome: {chromedriverVersion: 83.0.4103.39 (ccbf011cb2d2b..., userDataDir: C:\Users\MUTHUS~1\AppData\L...}, goog:chromeOptions: {debuggerAddress: localhost:51011}, javascriptEnabled: true, networkConnectionEnabled: false, pageLoadStrategy: normal, platform: WINDOWS, platformName: WINDOWS, proxy: Proxy(), setWindowRect: true, strictFileInteractability: false, timeouts: {implicit: 0, pageLoad: 300000, script: 30000}, unhandledPromptBehavior: dismiss and notify, webauthn:virtualAuthenticators: true}
Session ID: 9956967bdc9b7e85dc041729e62915f9
at org.openqa.selenium.remote.http.W3CHttpResponseCodec.createException(W3CHttpResponseCodec.java:187)
at org.openqa.selenium.remote.http.W3CHttpResponseCodec.decode(W3CHttpResponseCodec.java:122)
at org.openqa.selenium.remote.http.W3CHttpResponseCodec.decode(W3CHttpResponseCodec.java:49)
at org.openqa.selenium.remote.HttpCommandExecutor.execute(HttpCommandExecutor.java:158)
at org.openqa.selenium.remote.service.DriverCommandExecutor.execute(DriverCommandExecutor.java:83)
at org.openqa.selenium.remote.RemoteWebDriver.execute(RemoteWebDriver.java:552)
at org.openqa.selenium.remote.RemoteWebDriver.execute(RemoteWebDriver.java:609)
at org.openqa.selenium.remote.RemoteWebDriver.getCurrentUrl(RemoteWebDriver.java:287)
at com.clearcode.utils.WebDriverUtils.navigate(WebDriverUtils.java:93)
at com.clearcode.testsuite.AdminModifyOrder.login_admin(AdminModifyOrder.java:35)
... Removed 28 stack frames]]>
    </failure>
  </testcase> <!-- @BeforeTest login_admin -->
  <testcase name="@AfterTest saveProductModification" time="-1.592893748215E9" classname="com.clearcode.testsuite.AdminModifyOrder">
    <skipped/>
  </testcase> <!-- @AfterTest saveProductModification -->
  <testcase name="AddProduct" time="0.0" classname="com.clearcode.testsuite.AdminModifyOrder">
    <skipped/>
  </testcase> <!-- AddProduct -->
  <testcase name="AddProduct" time="0.0" classname="com.clearcode.testsuite.AdminModifyOrder">
    <skipped/>
  </testcase> <!-- AddProduct -->
  <testcase name="AddProduct" time="0.0" classname="com.clearcode.testsuite.AdminModifyOrder">
    <skipped/>
  </testcase> <!-- AddProduct -->
  <testcase name="AddProduct" time="0.0" classname="com.clearcode.testsuite.AdminModifyOrder">
    <skipped/>
  </testcase> <!-- AddProduct -->
</testsuite> <!-- Test1 -->
